<?xml version="1.0" encoding="UTF-8"?>
<!-- Generated by org.testng.reporters.JUnitXMLReporter -->
<testsuite ignored="0" hostname="PAVANKUMAR" failures="0" tests="4" name="Test" time="0.057" errors="0" timestamp="2022-09-12T19:59:23 IST">
  <testcase classname="skripts.Test2" name="tc2" time="0.012"/>
  <testcase classname="skripts.Test3" name="tc1" time="0.001"/>
  <testcase classname="skripts.Test0" name="tc0" time="0.002"/>
  <testcase classname="skripts.Test1" name="tc1" time="0.002"/>
</testsuite> <!-- Test -->
