<?xml version="1.0" encoding="UTF-8"?>
<testng-results ignored="0" total="4" passed="4" failed="0" skipped="0">
  <reporter-output>
    <line>
      <![CDATA[Hello python]]>
    </line>
    <line>
      <![CDATA[Hello seleniumpython]]>
    </line>
    <line>
      <![CDATA[Hello java]]>
    </line>
    <line>
      <![CDATA[Hello selenium]]>
    </line>
  </reporter-output>
  <suite started-at="2022-09-12T19:59:23 IST" name="Suite" finished-at="2022-09-12T19:59:23 IST" duration-ms="57">
    <groups>
    </groups>
    <test started-at="2022-09-12T19:59:23 IST" name="Test" finished-at="2022-09-12T19:59:23 IST" duration-ms="57">
      <class name="skripts.Test2">
        <test-method signature="tc2()[pri:0, instance:skripts.Test2@3c130745]" started-at="2022-09-12T19:59:23 IST" name="tc2" finished-at="2022-09-12T19:59:23 IST" duration-ms="12" status="PASS">
          <reporter-output>
            <line>
              <![CDATA[Hello python]]>
            </line>
          </reporter-output>
        </test-method> <!-- tc2 -->
      </class> <!-- skripts.Test2 -->
      <class name="skripts.Test3">
        <test-method signature="tc1()[pri:0, instance:skripts.Test3@70e8f8e]" started-at="2022-09-12T19:59:23 IST" name="tc1" finished-at="2022-09-12T19:59:23 IST" duration-ms="1" status="PASS">
          <reporter-output>
            <line>
              <![CDATA[Hello seleniumpython]]>
            </line>
          </reporter-output>
        </test-method> <!-- tc1 -->
      </class> <!-- skripts.Test3 -->
      <class name="skripts.Test0">
        <test-method signature="tc0()[pri:0, instance:skripts.Test0@17046283]" started-at="2022-09-12T19:59:23 IST" name="tc0" finished-at="2022-09-12T19:59:23 IST" duration-ms="2" status="PASS">
          <reporter-output>
            <line>
              <![CDATA[Hello java]]>
            </line>
          </reporter-output>
        </test-method> <!-- tc0 -->
      </class> <!-- skripts.Test0 -->
      <class name="skripts.Test1">
        <test-method signature="tc1()[pri:0, instance:skripts.Test1@5bd03f44]" started-at="2022-09-12T19:59:23 IST" name="tc1" finished-at="2022-09-12T19:59:23 IST" duration-ms="2" status="PASS">
          <reporter-output>
            <line>
              <![CDATA[Hello selenium]]>
            </line>
          </reporter-output>
        </test-method> <!-- tc1 -->
      </class> <!-- skripts.Test1 -->
    </test> <!-- Test -->
  </suite> <!-- Suite -->
</testng-results>
